<?xml version="1.0" encoding="UTF-8"?>
<!-- Generated by org.testng.reporters.JUnitReportReporter -->
<testsuite hostname="Arpan" failures="0" tests="14" name="dsAlgo_TestRunner.TestRunner" time="0.501" errors="14" timestamp="2023-07-07T21:34:25 EDT" skipped="0">
  <testcase classname="dsAlgo_TestRunner.TestRunner" name="runScenario" time="0.018">
    <error message="Cannot invoke &quot;String.equals(Object)&quot; because &quot;browser&quot; is null" type="java.lang.NullPointerException">
      <![CDATA[java.lang.NullPointerException: Cannot invoke "String.equals(Object)" because "browser" is null
at dsAlgo_Driverfactory.DriverFactory.init_driver(DriverFactory.java:54)
at hooks.Hooks.launchBrowser(Hooks.java:41)
]]>
    </error>
  </testcase> <!-- runScenario -->
  <system-out/>
  <testcase classname="dsAlgo_TestRunner.TestRunner" name="runScenario" time="0.019">
    <error message="Cannot invoke &quot;String.equals(Object)&quot; because &quot;browser&quot; is null" type="java.lang.NullPointerException">
      <![CDATA[java.lang.NullPointerException: Cannot invoke "String.equals(Object)" because "browser" is null
at dsAlgo_Driverfactory.DriverFactory.init_driver(DriverFactory.java:54)
at hooks.Hooks.launchBrowser(Hooks.java:41)
]]>
    </error>
  </testcase> <!-- runScenario -->
  <system-out/>
  <testcase classname="dsAlgo_TestRunner.TestRunner" name="runScenario" time="0.024">
    <error message="Cannot invoke &quot;String.equals(Object)&quot; because &quot;browser&quot; is null" type="java.lang.NullPointerException">
      <![CDATA[java.lang.NullPointerException: Cannot invoke "String.equals(Object)" because "browser" is null
at dsAlgo_Driverfactory.DriverFactory.init_driver(DriverFactory.java:54)
at hooks.Hooks.launchBrowser(Hooks.java:41)
]]>
    </error>
  </testcase> <!-- runScenario -->
  <system-out/>
  <testcase classname="dsAlgo_TestRunner.TestRunner" name="runScenario" time="0.036">
    <error message="Cannot invoke &quot;String.equals(Object)&quot; because &quot;browser&quot; is null" type="java.lang.NullPointerException">
      <![CDATA[java.lang.NullPointerException: Cannot invoke "String.equals(Object)" because "browser" is null
at dsAlgo_Driverfactory.DriverFactory.init_driver(DriverFactory.java:54)
at hooks.Hooks.launchBrowser(Hooks.java:41)
]]>
    </error>
  </testcase> <!-- runScenario -->
  <system-out/>
  <testcase classname="dsAlgo_TestRunner.TestRunner" name="runScenario" time="0.197">
    <error message="Cannot invoke &quot;String.equals(Object)&quot; because &quot;browser&quot; is null" type="java.lang.NullPointerException">
      <![CDATA[java.lang.NullPointerException: Cannot invoke "String.equals(Object)" because "browser" is null
at dsAlgo_Driverfactory.DriverFactory.init_driver(DriverFactory.java:54)
at hooks.Hooks.launchBrowser(Hooks.java:41)
]]>
    </error>
  </testcase> <!-- runScenario -->
  <system-out/>
  <testcase classname="dsAlgo_TestRunner.TestRunner" name="runScenario" time="0.016">
    <error message="Cannot invoke &quot;String.equals(Object)&quot; because &quot;browser&quot; is null" type="java.lang.NullPointerException">
      <![CDATA[java.lang.NullPointerException: Cannot invoke "String.equals(Object)" because "browser" is null
at dsAlgo_Driverfactory.DriverFactory.init_driver(DriverFactory.java:54)
at hooks.Hooks.launchBrowser(Hooks.java:41)
]]>
    </error>
  </testcase> <!-- runScenario -->
  <system-out/>
  <testcase classname="dsAlgo_TestRunner.TestRunner" name="runScenario" time="0.023">
    <error message="Cannot invoke &quot;String.equals(Object)&quot; because &quot;browser&quot; is null" type="java.lang.NullPointerException">
      <![CDATA[java.lang.NullPointerException: Cannot invoke "String.equals(Object)" because "browser" is null
at dsAlgo_Driverfactory.DriverFactory.init_driver(DriverFactory.java:54)
at hooks.Hooks.launchBrowser(Hooks.java:41)
]]>
    </error>
  </testcase> <!-- runScenario -->
  <system-out/>
  <testcase classname="dsAlgo_TestRunner.TestRunner" name="runScenario" time="0.015">
    <error message="Cannot invoke &quot;String.equals(Object)&quot; because &quot;browser&quot; is null" type="java.lang.NullPointerException">
      <![CDATA[java.lang.NullPointerException: Cannot invoke "String.equals(Object)" because "browser" is null
at dsAlgo_Driverfactory.DriverFactory.init_driver(DriverFactory.java:54)
at hooks.Hooks.launchBrowser(Hooks.java:41)
]]>
    </error>
  </testcase> <!-- runScenario -->
  <system-out/>
  <testcase classname="dsAlgo_TestRunner.TestRunner" name="runScenario" time="0.027">
    <error message="Cannot invoke &quot;String.equals(Object)&quot; because &quot;browser&quot; is null" type="java.lang.NullPointerException">
      <![CDATA[java.lang.NullPointerException: Cannot invoke "String.equals(Object)" because "browser" is null
at dsAlgo_Driverfactory.DriverFactory.init_driver(DriverFactory.java:54)
at hooks.Hooks.launchBrowser(Hooks.java:41)
]]>
    </error>
  </testcase> <!-- runScenario -->
  <system-out/>
  <testcase classname="dsAlgo_TestRunner.TestRunner" name="runScenario" time="0.011">
    <error message="Cannot invoke &quot;String.equals(Object)&quot; because &quot;browser&quot; is null" type="java.lang.NullPointerException">
      <![CDATA[java.lang.NullPointerException: Cannot invoke "String.equals(Object)" because "browser" is null
at dsAlgo_Driverfactory.DriverFactory.init_driver(DriverFactory.java:54)
at hooks.Hooks.launchBrowser(Hooks.java:41)
]]>
    </error>
  </testcase> <!-- runScenario -->
  <system-out/>
  <testcase classname="dsAlgo_TestRunner.TestRunner" name="runScenario" time="0.016">
    <error message="Cannot invoke &quot;String.equals(Object)&quot; because &quot;browser&quot; is null" type="java.lang.NullPointerException">
      <![CDATA[java.lang.NullPointerException: Cannot invoke "String.equals(Object)" because "browser" is null
at dsAlgo_Driverfactory.DriverFactory.init_driver(DriverFactory.java:54)
at hooks.Hooks.launchBrowser(Hooks.java:41)
]]>
    </error>
  </testcase> <!-- runScenario -->
  <system-out/>
  <testcase classname="dsAlgo_TestRunner.TestRunner" name="runScenario" time="0.048">
    <error message="Cannot invoke &quot;String.equals(Object)&quot; because &quot;browser&quot; is null" type="java.lang.NullPointerException">
      <![CDATA[java.lang.NullPointerException: Cannot invoke "String.equals(Object)" because "browser" is null
at dsAlgo_Driverfactory.DriverFactory.init_driver(DriverFactory.java:54)
at hooks.Hooks.launchBrowser(Hooks.java:41)
]]>
    </error>
  </testcase> <!-- runScenario -->
  <system-out/>
  <testcase classname="dsAlgo_TestRunner.TestRunner" name="runScenario" time="0.013">
    <error message="Cannot invoke &quot;String.equals(Object)&quot; because &quot;browser&quot; is null" type="java.lang.NullPointerException">
      <![CDATA[java.lang.NullPointerException: Cannot invoke "String.equals(Object)" because "browser" is null
at dsAlgo_Driverfactory.DriverFactory.init_driver(DriverFactory.java:54)
at hooks.Hooks.launchBrowser(Hooks.java:41)
]]>
    </error>
  </testcase> <!-- runScenario -->
  <system-out/>
  <testcase classname="dsAlgo_TestRunner.TestRunner" name="runScenario" time="0.038">
    <error message="Cannot invoke &quot;String.equals(Object)&quot; because &quot;browser&quot; is null" type="java.lang.NullPointerException">
      <![CDATA[java.lang.NullPointerException: Cannot invoke "String.equals(Object)" because "browser" is null
at dsAlgo_Driverfactory.DriverFactory.init_driver(DriverFactory.java:54)
at hooks.Hooks.launchBrowser(Hooks.java:41)
]]>
    </error>
  </testcase> <!-- runScenario -->
  <system-out/>
</testsuite> <!-- dsAlgo_TestRunner.TestRunner -->
